  Camera.cpp
c:\kevin barr msc\rtg final final v2 final\dxtk-sample-practice\c++\transform.h(13): warning C4227: anachronism used: qualifiers on reference are ignored
c:\kevin barr msc\rtg final final v2 final\dxtk-sample-practice\c++\transform.h(24): warning C4227: anachronism used: qualifiers on reference are ignored
c:\kevin barr msc\rtg final final v2 final\dxtk-sample-practice\c++\transform.h(27): warning C4227: anachronism used: qualifiers on reference are ignored
c:\kevin barr msc\rtg final final v2 final\dxtk-sample-practice\c++\transform.h(30): warning C4227: anachronism used: qualifiers on reference are ignored
c:\kevin barr msc\rtg final final v2 final\dxtk-sample-practice\c++\transform.h(37): warning C4227: anachronism used: qualifiers on reference are ignored
c:\kevin barr msc\rtg final final v2 final\dxtk-sample-practice\c++\transform.h(40): warning C4227: anachronism used: qualifiers on reference are ignored
c:\kevin barr msc\rtg final final v2 final\dxtk-sample-practice\c++\transform.h(43): warning C4227: anachronism used: qualifiers on reference are ignored
c:\kevin barr msc\rtg final final v2 final\dxtk-sample-practice\c++\gameobject.h(12): warning C4227: anachronism used: qualifiers on reference are ignored
c:\kevin barr msc\rtg final final v2 final\dxtk-sample-practice\c++\dragonfly.h(19): warning C4227: anachronism used: qualifiers on reference are ignored
c:\kevin barr msc\rtg final final v2 final\dxtk-sample-practice\c++\dragonfly.h(22): warning C4373: 'Dragonfly::Initialize': virtual function overrides 'GameObject::Initialize', previous versions of the compiler did not override when parameters only differed by const/volatile qualifiers
  c:\kevin barr msc\rtg final final v2 final\dxtk-sample-practice\c++\gameobject.h(19): note: see declaration of 'GameObject::Initialize'
c:\kevin barr msc\rtg final final v2 final\dxtk-sample-practice\c++\camera.h(20): warning C4227: anachronism used: qualifiers on reference are ignored
c:\kevin barr msc\rtg final final v2 final\dxtk-sample-practice\c++\camera.h(23): warning C4227: anachronism used: qualifiers on reference are ignored
c:\kevin barr msc\rtg final final v2 final\dxtk-sample-practice\c++\camera.cpp(11): warning C4227: anachronism used: qualifiers on reference are ignored
c:\kevin barr msc\rtg final final v2 final\dxtk-sample-practice\c++\camera.cpp(14): warning C4239: nonstandard extension used: 'argument': conversion from 'DirectX::SimpleMath::Vector3' to 'DirectX::SimpleMath::Vector3 &'
  c:\kevin barr msc\rtg final final v2 final\dxtk-sample-practice\c++\camera.cpp(14): note: A non-const reference may only be bound to an lvalue
c:\kevin barr msc\rtg final final v2 final\dxtk-sample-practice\c++\camera.cpp(23): warning C4227: anachronism used: qualifiers on reference are ignored
c:\kevin barr msc\rtg final final v2 final\dxtk-sample-practice\c++\camera.cpp(122): warning C4239: nonstandard extension used: 'argument': conversion from 'DirectX::SimpleMath::Vector3' to 'DirectX::SimpleMath::Vector3 &'
  c:\kevin barr msc\rtg final final v2 final\dxtk-sample-practice\c++\camera.cpp(122): note: A non-const reference may only be bound to an lvalue
c:\kevin barr msc\rtg final final v2 final\dxtk-sample-practice\c++\camera.cpp(123): warning C4239: nonstandard extension used: 'argument': conversion from 'DirectX::SimpleMath::Vector3' to 'DirectX::SimpleMath::Vector3 &'
  c:\kevin barr msc\rtg final final v2 final\dxtk-sample-practice\c++\camera.cpp(123): note: A non-const reference may only be bound to an lvalue
  CameraManager.cpp
c:\kevin barr msc\rtg final final v2 final\dxtk-sample-practice\c++\transform.h(13): warning C4227: anachronism used: qualifiers on reference are ignored
c:\kevin barr msc\rtg final final v2 final\dxtk-sample-practice\c++\transform.h(24): warning C4227: anachronism used: qualifiers on reference are ignored
c:\kevin barr msc\rtg final final v2 final\dxtk-sample-practice\c++\transform.h(27): warning C4227: anachronism used: qualifiers on reference are ignored
c:\kevin barr msc\rtg final final v2 final\dxtk-sample-practice\c++\transform.h(30): warning C4227: anachronism used: qualifiers on reference are ignored
c:\kevin barr msc\rtg final final v2 final\dxtk-sample-practice\c++\transform.h(37): warning C4227: anachronism used: qualifiers on reference are ignored
c:\kevin barr msc\rtg final final v2 final\dxtk-sample-practice\c++\transform.h(40): warning C4227: anachronism used: qualifiers on reference are ignored
c:\kevin barr msc\rtg final final v2 final\dxtk-sample-practice\c++\transform.h(43): warning C4227: anachronism used: qualifiers on reference are ignored
c:\kevin barr msc\rtg final final v2 final\dxtk-sample-practice\c++\gameobject.h(12): warning C4227: anachronism used: qualifiers on reference are ignored
c:\kevin barr msc\rtg final final v2 final\dxtk-sample-practice\c++\dragonfly.h(19): warning C4227: anachronism used: qualifiers on reference are ignored
c:\kevin barr msc\rtg final final v2 final\dxtk-sample-practice\c++\dragonfly.h(22): warning C4373: 'Dragonfly::Initialize': virtual function overrides 'GameObject::Initialize', previous versions of the compiler did not override when parameters only differed by const/volatile qualifiers
  c:\kevin barr msc\rtg final final v2 final\dxtk-sample-practice\c++\gameobject.h(19): note: see declaration of 'GameObject::Initialize'
c:\kevin barr msc\rtg final final v2 final\dxtk-sample-practice\c++\camera.h(20): warning C4227: anachronism used: qualifiers on reference are ignored
c:\kevin barr msc\rtg final final v2 final\dxtk-sample-practice\c++\camera.h(23): warning C4227: anachronism used: qualifiers on reference are ignored
c:\kevin barr msc\rtg final final v2 final\dxtk-sample-practice\c++\cameramanager.h(18): warning C4227: anachronism used: qualifiers on reference are ignored
c:\kevin barr msc\rtg final final v2 final\dxtk-sample-practice\c++\cameramanager.h(26): warning C4227: anachronism used: qualifiers on reference are ignored
c:\kevin barr msc\rtg final final v2 final\dxtk-sample-practice\c++\cameramanager.cpp(24): warning C4227: anachronism used: qualifiers on reference are ignored
c:\kevin barr msc\rtg final final v2 final\dxtk-sample-practice\c++\cameramanager.cpp(33): warning C4239: nonstandard extension used: 'argument': conversion from 'DirectX::SimpleMath::Vector3' to 'DirectX::SimpleMath::Vector3 &'
  c:\kevin barr msc\rtg final final v2 final\dxtk-sample-practice\c++\cameramanager.cpp(33): note: A non-const reference may only be bound to an lvalue
c:\kevin barr msc\rtg final final v2 final\dxtk-sample-practice\c++\cameramanager.cpp(34): warning C4244: 'argument': conversion from 'int' to 'const float', possible loss of data
c:\kevin barr msc\rtg final final v2 final\dxtk-sample-practice\c++\cameramanager.cpp(38): warning C4227: anachronism used: qualifiers on reference are ignored
c:\kevin barr msc\rtg final final v2 final\dxtk-sample-practice\c++\cameramanager.cpp(41): warning C4244: 'argument': conversion from 'int' to 'const float', possible loss of data
c:\kevin barr msc\rtg final final v2 final\dxtk-sample-practice\c++\cameramanager.cpp(57): warning C4018: '<': signed/unsigned mismatch
c:\kevin barr msc\rtg final final v2 final\dxtk-sample-practice\c++\cameramanager.cpp(62): warning C4389: '==': signed/unsigned mismatch
c:\kevin barr msc\rtg final final v2 final\dxtk-sample-practice\c++\cameramanager.cpp(84): warning C4018: '<': signed/unsigned mismatch
c:\kevin barr msc\rtg final final v2 final\dxtk-sample-practice\c++\cameramanager.cpp(94): warning C4018: '<': signed/unsigned mismatch
  Dragonfly.cpp
c:\kevin barr msc\rtg final final v2 final\dxtk-sample-practice\c++\transform.h(13): warning C4227: anachronism used: qualifiers on reference are ignored
c:\kevin barr msc\rtg final final v2 final\dxtk-sample-practice\c++\transform.h(24): warning C4227: anachronism used: qualifiers on reference are ignored
c:\kevin barr msc\rtg final final v2 final\dxtk-sample-practice\c++\transform.h(27): warning C4227: anachronism used: qualifiers on reference are ignored
c:\kevin barr msc\rtg final final v2 final\dxtk-sample-practice\c++\transform.h(30): warning C4227: anachronism used: qualifiers on reference are ignored
c:\kevin barr msc\rtg final final v2 final\dxtk-sample-practice\c++\transform.h(37): warning C4227: anachronism used: qualifiers on reference are ignored
c:\kevin barr msc\rtg final final v2 final\dxtk-sample-practice\c++\transform.h(40): warning C4227: anachronism used: qualifiers on reference are ignored
c:\kevin barr msc\rtg final final v2 final\dxtk-sample-practice\c++\transform.h(43): warning C4227: anachronism used: qualifiers on reference are ignored
c:\kevin barr msc\rtg final final v2 final\dxtk-sample-practice\c++\gameobject.h(12): warning C4227: anachronism used: qualifiers on reference are ignored
c:\kevin barr msc\rtg final final v2 final\dxtk-sample-practice\c++\dragonfly.h(19): warning C4227: anachronism used: qualifiers on reference are ignored
c:\kevin barr msc\rtg final final v2 final\dxtk-sample-practice\c++\dragonfly.h(22): warning C4373: 'Dragonfly::Initialize': virtual function overrides 'GameObject::Initialize', previous versions of the compiler did not override when parameters only differed by const/volatile qualifiers
  c:\kevin barr msc\rtg final final v2 final\dxtk-sample-practice\c++\gameobject.h(19): note: see declaration of 'GameObject::Initialize'
c:\kevin barr msc\rtg final final v2 final\dxtk-sample-practice\c++\dragonfly.cpp(10): warning C4227: anachronism used: qualifiers on reference are ignored
  Game.cpp
c:\kevin barr msc\rtg final final v2 final\dxtk-sample-practice\c++\transform.h(13): warning C4227: anachronism used: qualifiers on reference are ignored
c:\kevin barr msc\rtg final final v2 final\dxtk-sample-practice\c++\transform.h(24): warning C4227: anachronism used: qualifiers on reference are ignored
c:\kevin barr msc\rtg final final v2 final\dxtk-sample-practice\c++\transform.h(27): warning C4227: anachronism used: qualifiers on reference are ignored
c:\kevin barr msc\rtg final final v2 final\dxtk-sample-practice\c++\transform.h(30): warning C4227: anachronism used: qualifiers on reference are ignored
c:\kevin barr msc\rtg final final v2 final\dxtk-sample-practice\c++\transform.h(37): warning C4227: anachronism used: qualifiers on reference are ignored
c:\kevin barr msc\rtg final final v2 final\dxtk-sample-practice\c++\transform.h(40): warning C4227: anachronism used: qualifiers on reference are ignored
c:\kevin barr msc\rtg final final v2 final\dxtk-sample-practice\c++\transform.h(43): warning C4227: anachronism used: qualifiers on reference are ignored
c:\kevin barr msc\rtg final final v2 final\dxtk-sample-practice\c++\gameobject.h(12): warning C4227: anachronism used: qualifiers on reference are ignored
c:\kevin barr msc\rtg final final v2 final\dxtk-sample-practice\c++\dragonfly.h(19): warning C4227: anachronism used: qualifiers on reference are ignored
c:\kevin barr msc\rtg final final v2 final\dxtk-sample-practice\c++\dragonfly.h(22): warning C4373: 'Dragonfly::Initialize': virtual function overrides 'GameObject::Initialize', previous versions of the compiler did not override when parameters only differed by const/volatile qualifiers
  c:\kevin barr msc\rtg final final v2 final\dxtk-sample-practice\c++\gameobject.h(19): note: see declaration of 'GameObject::Initialize'
c:\kevin barr msc\rtg final final v2 final\dxtk-sample-practice\c++\camera.h(20): warning C4227: anachronism used: qualifiers on reference are ignored
c:\kevin barr msc\rtg final final v2 final\dxtk-sample-practice\c++\camera.h(23): warning C4227: anachronism used: qualifiers on reference are ignored
c:\kevin barr msc\rtg final final v2 final\dxtk-sample-practice\c++\cameramanager.h(18): warning C4227: anachronism used: qualifiers on reference are ignored
c:\kevin barr msc\rtg final final v2 final\dxtk-sample-practice\c++\cameramanager.h(26): warning C4227: anachronism used: qualifiers on reference are ignored
c:\kevin barr msc\rtg final final v2 final\dxtk-sample-practice\c++\platform.h(19): warning C4227: anachronism used: qualifiers on reference are ignored
c:\kevin barr msc\rtg final final v2 final\dxtk-sample-practice\c++\dome.h(20): warning C4227: anachronism used: qualifiers on reference are ignored
c:\kevin barr msc\rtg final final v2 final\dxtk-sample-practice\c++\dome.h(24): warning C4373: 'Dome::Initialize': virtual function overrides 'GameObject::Initialize', previous versions of the compiler did not override when parameters only differed by const/volatile qualifiers
  c:\kevin barr msc\rtg final final v2 final\dxtk-sample-practice\c++\gameobject.h(19): note: see declaration of 'GameObject::Initialize'
c:\kevin barr msc\rtg final final v2 final\dxtk-sample-practice\c++\twig.h(16): warning C4227: anachronism used: qualifiers on reference are ignored
c:\kevin barr msc\rtg final final v2 final\dxtk-sample-practice\c++\game.cpp(89): warning C4239: nonstandard extension used: 'argument': conversion from 'DirectX::SimpleMath::Vector3' to 'DirectX::SimpleMath::Vector3 &'
  c:\kevin barr msc\rtg final final v2 final\dxtk-sample-practice\c++\game.cpp(89): note: A non-const reference may only be bound to an lvalue
c:\kevin barr msc\rtg final final v2 final\dxtk-sample-practice\c++\game.cpp(94): warning C4239: nonstandard extension used: 'argument': conversion from 'DirectX::SimpleMath::Vector3' to 'DirectX::SimpleMath::Vector3 &'
  c:\kevin barr msc\rtg final final v2 final\dxtk-sample-practice\c++\game.cpp(94): note: A non-const reference may only be bound to an lvalue
c:\kevin barr msc\rtg final final v2 final\dxtk-sample-practice\c++\game.cpp(99): warning C4239: nonstandard extension used: 'argument': conversion from 'DirectX::SimpleMath::Vector3' to 'DirectX::SimpleMath::Vector3 &'
  c:\kevin barr msc\rtg final final v2 final\dxtk-sample-practice\c++\game.cpp(99): note: A non-const reference may only be bound to an lvalue
c:\kevin barr msc\rtg final final v2 final\dxtk-sample-practice\c++\game.cpp(104): warning C4239: nonstandard extension used: 'argument': conversion from 'DirectX::SimpleMath::Vector3' to 'DirectX::SimpleMath::Vector3 &'
  c:\kevin barr msc\rtg final final v2 final\dxtk-sample-practice\c++\game.cpp(104): note: A non-const reference may only be bound to an lvalue
c:\kevin barr msc\rtg final final v2 final\dxtk-sample-practice\c++\game.cpp(111): warning C4239: nonstandard extension used: 'argument': conversion from 'DirectX::SimpleMath::Vector3' to 'DirectX::SimpleMath::Vector3 &'
  c:\kevin barr msc\rtg final final v2 final\dxtk-sample-practice\c++\game.cpp(111): note: A non-const reference may only be bound to an lvalue
c:\kevin barr msc\rtg final final v2 final\dxtk-sample-practice\c++\game.cpp(112): warning C4239: nonstandard extension used: 'argument': conversion from 'DirectX::SimpleMath::Vector3' to 'DirectX::SimpleMath::Vector3 &'
  c:\kevin barr msc\rtg final final v2 final\dxtk-sample-practice\c++\game.cpp(112): note: A non-const reference may only be bound to an lvalue
c:\kevin barr msc\rtg final final v2 final\dxtk-sample-practice\c++\game.cpp(113): warning C4239: nonstandard extension used: 'argument': conversion from 'DirectX::SimpleMath::Vector3' to 'DirectX::SimpleMath::Vector3 &'
  c:\kevin barr msc\rtg final final v2 final\dxtk-sample-practice\c++\game.cpp(113): note: A non-const reference may only be bound to an lvalue
c:\kevin barr msc\rtg final final v2 final\dxtk-sample-practice\c++\game.cpp(114): warning C4239: nonstandard extension used: 'argument': conversion from 'DirectX::SimpleMath::Vector3' to 'DirectX::SimpleMath::Vector3 &'
  c:\kevin barr msc\rtg final final v2 final\dxtk-sample-practice\c++\game.cpp(114): note: A non-const reference may only be bound to an lvalue
  Window.cpp
c:\kevin barr msc\rtg final final v2 final\dxtk-sample-practice\c++\transform.h(13): warning C4227: anachronism used: qualifiers on reference are ignored
c:\kevin barr msc\rtg final final v2 final\dxtk-sample-practice\c++\transform.h(24): warning C4227: anachronism used: qualifiers on reference are ignored
c:\kevin barr msc\rtg final final v2 final\dxtk-sample-practice\c++\transform.h(27): warning C4227: anachronism used: qualifiers on reference are ignored
c:\kevin barr msc\rtg final final v2 final\dxtk-sample-practice\c++\transform.h(30): warning C4227: anachronism used: qualifiers on reference are ignored
c:\kevin barr msc\rtg final final v2 final\dxtk-sample-practice\c++\transform.h(37): warning C4227: anachronism used: qualifiers on reference are ignored
c:\kevin barr msc\rtg final final v2 final\dxtk-sample-practice\c++\transform.h(40): warning C4227: anachronism used: qualifiers on reference are ignored
c:\kevin barr msc\rtg final final v2 final\dxtk-sample-practice\c++\transform.h(43): warning C4227: anachronism used: qualifiers on reference are ignored
c:\kevin barr msc\rtg final final v2 final\dxtk-sample-practice\c++\gameobject.h(12): warning C4227: anachronism used: qualifiers on reference are ignored
c:\kevin barr msc\rtg final final v2 final\dxtk-sample-practice\c++\dragonfly.h(19): warning C4227: anachronism used: qualifiers on reference are ignored
c:\kevin barr msc\rtg final final v2 final\dxtk-sample-practice\c++\dragonfly.h(22): warning C4373: 'Dragonfly::Initialize': virtual function overrides 'GameObject::Initialize', previous versions of the compiler did not override when parameters only differed by const/volatile qualifiers
  c:\kevin barr msc\rtg final final v2 final\dxtk-sample-practice\c++\gameobject.h(19): note: see declaration of 'GameObject::Initialize'
c:\kevin barr msc\rtg final final v2 final\dxtk-sample-practice\c++\camera.h(20): warning C4227: anachronism used: qualifiers on reference are ignored
c:\kevin barr msc\rtg final final v2 final\dxtk-sample-practice\c++\camera.h(23): warning C4227: anachronism used: qualifiers on reference are ignored
c:\kevin barr msc\rtg final final v2 final\dxtk-sample-practice\c++\cameramanager.h(18): warning C4227: anachronism used: qualifiers on reference are ignored
c:\kevin barr msc\rtg final final v2 final\dxtk-sample-practice\c++\cameramanager.h(26): warning C4227: anachronism used: qualifiers on reference are ignored
c:\kevin barr msc\rtg final final v2 final\dxtk-sample-practice\c++\platform.h(19): warning C4227: anachronism used: qualifiers on reference are ignored
c:\kevin barr msc\rtg final final v2 final\dxtk-sample-practice\c++\dome.h(20): warning C4227: anachronism used: qualifiers on reference are ignored
c:\kevin barr msc\rtg final final v2 final\dxtk-sample-practice\c++\dome.h(24): warning C4373: 'Dome::Initialize': virtual function overrides 'GameObject::Initialize', previous versions of the compiler did not override when parameters only differed by const/volatile qualifiers
  c:\kevin barr msc\rtg final final v2 final\dxtk-sample-practice\c++\gameobject.h(19): note: see declaration of 'GameObject::Initialize'
c:\kevin barr msc\rtg final final v2 final\dxtk-sample-practice\c++\twig.h(16): warning C4227: anachronism used: qualifiers on reference are ignored
  main.cpp
c:\kevin barr msc\rtg final final v2 final\dxtk-sample-practice\c++\transform.h(13): warning C4227: anachronism used: qualifiers on reference are ignored
c:\kevin barr msc\rtg final final v2 final\dxtk-sample-practice\c++\transform.h(24): warning C4227: anachronism used: qualifiers on reference are ignored
c:\kevin barr msc\rtg final final v2 final\dxtk-sample-practice\c++\transform.h(27): warning C4227: anachronism used: qualifiers on reference are ignored
c:\kevin barr msc\rtg final final v2 final\dxtk-sample-practice\c++\transform.h(30): warning C4227: anachronism used: qualifiers on reference are ignored
c:\kevin barr msc\rtg final final v2 final\dxtk-sample-practice\c++\transform.h(37): warning C4227: anachronism used: qualifiers on reference are ignored
c:\kevin barr msc\rtg final final v2 final\dxtk-sample-practice\c++\transform.h(40): warning C4227: anachronism used: qualifiers on reference are ignored
c:\kevin barr msc\rtg final final v2 final\dxtk-sample-practice\c++\transform.h(43): warning C4227: anachronism used: qualifiers on reference are ignored
c:\kevin barr msc\rtg final final v2 final\dxtk-sample-practice\c++\gameobject.h(12): warning C4227: anachronism used: qualifiers on reference are ignored
c:\kevin barr msc\rtg final final v2 final\dxtk-sample-practice\c++\dragonfly.h(19): warning C4227: anachronism used: qualifiers on reference are ignored
c:\kevin barr msc\rtg final final v2 final\dxtk-sample-practice\c++\dragonfly.h(22): warning C4373: 'Dragonfly::Initialize': virtual function overrides 'GameObject::Initialize', previous versions of the compiler did not override when parameters only differed by const/volatile qualifiers
  c:\kevin barr msc\rtg final final v2 final\dxtk-sample-practice\c++\gameobject.h(19): note: see declaration of 'GameObject::Initialize'
c:\kevin barr msc\rtg final final v2 final\dxtk-sample-practice\c++\camera.h(20): warning C4227: anachronism used: qualifiers on reference are ignored
c:\kevin barr msc\rtg final final v2 final\dxtk-sample-practice\c++\camera.h(23): warning C4227: anachronism used: qualifiers on reference are ignored
c:\kevin barr msc\rtg final final v2 final\dxtk-sample-practice\c++\cameramanager.h(18): warning C4227: anachronism used: qualifiers on reference are ignored
c:\kevin barr msc\rtg final final v2 final\dxtk-sample-practice\c++\cameramanager.h(26): warning C4227: anachronism used: qualifiers on reference are ignored
c:\kevin barr msc\rtg final final v2 final\dxtk-sample-practice\c++\platform.h(19): warning C4227: anachronism used: qualifiers on reference are ignored
c:\kevin barr msc\rtg final final v2 final\dxtk-sample-practice\c++\dome.h(20): warning C4227: anachronism used: qualifiers on reference are ignored
c:\kevin barr msc\rtg final final v2 final\dxtk-sample-practice\c++\dome.h(24): warning C4373: 'Dome::Initialize': virtual function overrides 'GameObject::Initialize', previous versions of the compiler did not override when parameters only differed by const/volatile qualifiers
  c:\kevin barr msc\rtg final final v2 final\dxtk-sample-practice\c++\gameobject.h(19): note: see declaration of 'GameObject::Initialize'
c:\kevin barr msc\rtg final final v2 final\dxtk-sample-practice\c++\twig.h(16): warning C4227: anachronism used: qualifiers on reference are ignored
c:\kevin barr msc\rtg final final v2 final\dxtk-sample-practice\c++\main.cpp(9): warning C4100: 'iCmdshow': unreferenced formal parameter
c:\kevin barr msc\rtg final final v2 final\dxtk-sample-practice\c++\main.cpp(9): warning C4100: 'pScmdline': unreferenced formal parameter
c:\kevin barr msc\rtg final final v2 final\dxtk-sample-practice\c++\main.cpp(9): warning C4100: 'hPrevInstance': unreferenced formal parameter
c:\kevin barr msc\rtg final final v2 final\dxtk-sample-practice\c++\main.cpp(9): warning C4100: 'hInstance': unreferenced formal parameter
  Generating Code...
c:\kevin barr msc\rtg final final v2 final\dxtk-sample-practice\c++\window.cpp(246): warning C4715: 'WndProc': not all control paths return a value
c:\kevin barr msc\rtg final final v2 final\dxtk-sample-practice\c++\cameramanager.cpp(89): warning C4715: 'CameraManager::JumpToCamera': not all control paths return a value
  SimpleSample_Desktop_2012.vcxproj -> C:\Kevin Barr MSc\RTG FINAL FINAL V2 FINAL\DXTK-Sample-Practice\C++\Debug\SimpleSample.exe
  SimpleSample_Desktop_2012.vcxproj -> C:\Kevin Barr MSc\RTG FINAL FINAL V2 FINAL\DXTK-Sample-Practice\C++\Debug\SimpleSample.pdb (Full PDB)
