c:\users\user\desktop\msc compsci for gamesdev\realtime graphics\dxtk example\dxtk-sample-practice\c++\debug\vc140.pdb
c:\users\user\desktop\msc compsci for gamesdev\realtime graphics\dxtk example\dxtk-sample-practice\c++\debug\vc140.idb
c:\users\user\desktop\msc compsci for gamesdev\realtime graphics\dxtk example\dxtk-sample-practice\c++\debug\window.obj
c:\users\user\desktop\msc compsci for gamesdev\realtime graphics\dxtk example\dxtk-sample-practice\c++\debug\main.obj
c:\users\user\desktop\msc compsci for gamesdev\realtime graphics\dxtk example\dxtk-sample-practice\c++\debug\graphicsmanager.obj
c:\users\user\desktop\msc compsci for gamesdev\realtime graphics\dxtk example\dxtk-sample-practice\c++\debug\basiclogger.obj
c:\users\user\desktop\msc compsci for gamesdev\realtime graphics\dxtk example\dxtk-sample-practice\c++\debug\dxtkmodule.obj
c:\users\user\desktop\msc compsci for gamesdev\realtime graphics\dxtk example\dxtk-sample-practice\c++\debug\simplesample.obj
c:\users\user\desktop\msc compsci for gamesdev\realtime graphics\dxtk example\dxtk-sample-practice\c++\debug\tiny.obj
c:\users\user\desktop\msc compsci for gamesdev\realtime graphics\dxtk example\dxtk-sample-practice\c++\debug\camera.obj
c:\users\user\desktop\msc compsci for gamesdev\realtime graphics\dxtk example\dxtk-sample-practice\c++\debug\game.obj
c:\users\user\desktop\msc compsci for gamesdev\realtime graphics\dxtk example\dxtk-sample-practice\c++\debug\timemanager.obj
c:\users\user\desktop\msc compsci for gamesdev\realtime graphics\dxtk example\dxtk-sample-practice\c++\debug\platform.obj
c:\users\user\desktop\msc compsci for gamesdev\realtime graphics\dxtk example\dxtk-sample-practice\c++\debug\simplesample.pch
c:\users\user\desktop\msc compsci for gamesdev\realtime graphics\dxtk example\dxtk-sample-practice\c++\debug\stdafx.obj
c:\users\user\desktop\msc compsci for gamesdev\realtime graphics\dxtk example\dxtk-sample-practice\c++\debug\inputmanager.obj
c:\users\user\desktop\msc compsci for gamesdev\realtime graphics\dxtk example\dxtk-sample-practice\c++\debug\simplesample.ilk
c:\users\user\desktop\msc compsci for gamesdev\realtime graphics\dxtk example\dxtk-sample-practice\c++\debug\simplesample.exe
c:\users\user\desktop\msc compsci for gamesdev\realtime graphics\dxtk example\dxtk-sample-practice\c++\debug\simplesample.pdb
c:\users\user\desktop\msc compsci for gamesdev\realtime graphics\dxtk example\dxtk-sample-practice\c++\debug\simplesample.res
c:\users\user\desktop\msc compsci for gamesdev\realtime graphics\dxtk example\dxtk-sample-practice\c++\debug\simplesample_desktop_2012.vcxprojresolveassemblyreference.cache
c:\users\user\desktop\msc compsci for gamesdev\realtime graphics\dxtk example\dxtk-sample-practice\c++\debug\resourcemanager.obj
c:\users\user\desktop\msc compsci for gamesdev\realtime graphics\dxtk example\dxtk-sample-practice\c++\debug\simplesample.tlog\cl.command.1.tlog
c:\users\user\desktop\msc compsci for gamesdev\realtime graphics\dxtk example\dxtk-sample-practice\c++\debug\simplesample.tlog\cl.read.1.tlog
c:\users\user\desktop\msc compsci for gamesdev\realtime graphics\dxtk example\dxtk-sample-practice\c++\debug\simplesample.tlog\cl.write.1.tlog
c:\users\user\desktop\msc compsci for gamesdev\realtime graphics\dxtk example\dxtk-sample-practice\c++\debug\simplesample.tlog\link.command.1.tlog
c:\users\user\desktop\msc compsci for gamesdev\realtime graphics\dxtk example\dxtk-sample-practice\c++\debug\simplesample.tlog\link.read.1.tlog
c:\users\user\desktop\msc compsci for gamesdev\realtime graphics\dxtk example\dxtk-sample-practice\c++\debug\simplesample.tlog\link.write.1.tlog
c:\users\user\desktop\msc compsci for gamesdev\realtime graphics\dxtk example\dxtk-sample-practice\c++\debug\simplesample.tlog\rc.command.1.tlog
c:\users\user\desktop\msc compsci for gamesdev\realtime graphics\dxtk example\dxtk-sample-practice\c++\debug\simplesample.tlog\rc.read.1.tlog
c:\users\user\desktop\msc compsci for gamesdev\realtime graphics\dxtk example\dxtk-sample-practice\c++\debug\simplesample.tlog\rc.write.1.tlog
