  pch.cpp
  Keyboard.cpp
  Mouse.cpp
  AlphaTestEffect.cpp
  BasicEffect.cpp
  CommonStates.cpp
  DDSTextureLoader.cpp
  DGSLEffect.cpp
  DGSLEffectFactory.cpp
  DualTextureEffect.cpp
  BinaryReader.cpp
  EffectCommon.cpp
  EffectFactory.cpp
  EnvironmentMapEffect.cpp
  GamePad.cpp
  GeometricPrimitive.cpp
  Model.cpp
  ModelLoadCMO.cpp
  ModelLoadSDKMESH.cpp
  ModelLoadVBO.cpp
  ScreenGrab.cpp
  Compiling...
  SimpleMath.cpp
  SkinnedEffect.cpp
  SpriteBatch.cpp
  PrimitiveBatch.cpp
  SpriteFont.cpp
  VertexTypes.cpp
  WICTextureLoader.cpp
  DirectXTK_Desktop_2012.vcxproj -> C:\Kevin Barr MSc\RTG FINAL FINAL V2 FINAL\DXTK-Sample-Practice\C++\DirectXTK\Bin\Desktop_2012\Win32\Release\DirectXTK.lib
